This is pdfTeX, Version 3.1415926-1.40.11 (TeX Live 2010) (format=pdflatex 2010.7.21)  27 JUN 2012 10:24
entering extended mode
 \write18 enabled.
 %&-line parsing enabled.
**comparison-review.tex
(./comparison-review.tex
LaTeX2e <2009/09/24>
Babel <v3.8l> and hyphenation patterns for english, dumylang, nohyphenation, ge
rman-x-2009-06-19, ngerman-x-2009-06-19, ancientgreek, ibycus, arabic, armenian
, basque, bulgarian, catalan, pinyin, coptic, croatian, czech, danish, dutch, u
kenglish, usenglishmax, esperanto, estonian, farsi, finnish, french, galician, 
german, ngerman, swissgerman, monogreek, greek, hungarian, icelandic, assamese,
 bengali, gujarati, hindi, kannada, malayalam, marathi, oriya, panjabi, tamil, 
telugu, indonesian, interlingua, irish, italian, kurmanji, lao, latin, latvian,
 lithuanian, mongolian, mongolianlmc, bokmal, nynorsk, polish, portuguese, roma
nian, russian, sanskrit, serbian, slovak, slovenian, spanish, swedish, turkish,
 turkmen, ukrainian, uppersorbian, welsh, loaded.
(./vgtc.cls
Document Class: vgtc 2006/05/21 IEEE VGTC
(/usr/local/texlive/2010/texmf-dist/tex/latex/base/article.cls
Document Class: article 2007/10/19 v1.4h Standard LaTeX document class
(/usr/local/texlive/2010/texmf-dist/tex/latex/base/size10.clo
File: size10.clo 2007/10/19 v1.4h Standard LaTeX file (size option)
)
\c@part=\count79
\c@section=\count80
\c@subsection=\count81
\c@subsubsection=\count82
\c@paragraph=\count83
\c@subparagraph=\count84
\c@figure=\count85
\c@table=\count86
\abovecaptionskip=\skip41
\belowcaptionskip=\skip42
\bibindent=\dimen102
)
\captionmargin=\skip43
\bibindent=\dimen103
\bibspacing=\dimen104
\titlespace=\skip44
\teaserspace=\skip45
\abstxtspace=\skip46
\vgtc@copyrightlength=\skip47
)
(/usr/local/texlive/2010/texmf-dist/tex/latex/natbib/natbib.sty
Package: natbib 2009/11/07 8.31a (PWD, AO)
\bibhang=\skip48
\bibsep=\skip49
LaTeX Info: Redefining \cite on input line 694.
\c@NAT@ctr=\count87
)
(/usr/local/texlive/2010/texmf-dist/tex/latex/psnfss/mathptmx.sty
Package: mathptmx 2005/04/12 PSNFSS-v9.2a Times w/ Math, improved (SPQR, WaS) 
LaTeX Font Info:    Redeclaring symbol font `operators' on input line 28.
LaTeX Font Info:    Overwriting symbol font `operators' in version `normal'
(Font)                  OT1/cmr/m/n --> OT1/ztmcm/m/n on input line 28.
LaTeX Font Info:    Overwriting symbol font `operators' in version `bold'
(Font)                  OT1/cmr/bx/n --> OT1/ztmcm/m/n on input line 28.
LaTeX Font Info:    Redeclaring symbol font `letters' on input line 29.
LaTeX Font Info:    Overwriting symbol font `letters' in version `normal'
(Font)                  OML/cmm/m/it --> OML/ztmcm/m/it on input line 29.
LaTeX Font Info:    Overwriting symbol font `letters' in version `bold'
(Font)                  OML/cmm/b/it --> OML/ztmcm/m/it on input line 29.
LaTeX Font Info:    Redeclaring symbol font `symbols' on input line 30.
LaTeX Font Info:    Overwriting symbol font `symbols' in version `normal'
(Font)                  OMS/cmsy/m/n --> OMS/ztmcm/m/n on input line 30.
LaTeX Font Info:    Overwriting symbol font `symbols' in version `bold'
(Font)                  OMS/cmsy/b/n --> OMS/ztmcm/m/n on input line 30.
LaTeX Font Info:    Redeclaring symbol font `largesymbols' on input line 31.
LaTeX Font Info:    Overwriting symbol font `largesymbols' in version `normal'
(Font)                  OMX/cmex/m/n --> OMX/ztmcm/m/n on input line 31.
LaTeX Font Info:    Overwriting symbol font `largesymbols' in version `bold'
(Font)                  OMX/cmex/m/n --> OMX/ztmcm/m/n on input line 31.
\symbold=\mathgroup4
\symitalic=\mathgroup5
LaTeX Font Info:    Redeclaring math alphabet \mathbf on input line 34.
LaTeX Font Info:    Overwriting math alphabet `\mathbf' in version `normal'
(Font)                  OT1/cmr/bx/n --> OT1/ptm/bx/n on input line 34.
LaTeX Font Info:    Overwriting math alphabet `\mathbf' in version `bold'
(Font)                  OT1/cmr/bx/n --> OT1/ptm/bx/n on input line 34.
LaTeX Font Info:    Redeclaring math alphabet \mathit on input line 35.
LaTeX Font Info:    Overwriting math alphabet `\mathit' in version `normal'
(Font)                  OT1/cmr/m/it --> OT1/ptm/m/it on input line 35.
LaTeX Font Info:    Overwriting math alphabet `\mathit' in version `bold'
(Font)                  OT1/cmr/bx/it --> OT1/ptm/m/it on input line 35.
LaTeX Info: Redefining \hbar on input line 50.
)
(/usr/local/texlive/2010/texmf-dist/tex/latex/graphics/graphicx.sty
Package: graphicx 1999/02/16 v1.0f Enhanced LaTeX Graphics (DPC,SPQR)

(/usr/local/texlive/2010/texmf-dist/tex/latex/graphics/keyval.sty
Package: keyval 1999/03/16 v1.13 key=value parser (DPC)
\KV@toks@=\toks14
)
(/usr/local/texlive/2010/texmf-dist/tex/latex/graphics/graphics.sty
Package: graphics 2009/02/05 v1.0o Standard LaTeX Graphics (DPC,SPQR)

(/usr/local/texlive/2010/texmf-dist/tex/latex/graphics/trig.sty
Package: trig 1999/03/16 v1.09 sin cos tan (DPC)
)
(/usr/local/texlive/2010/texmf-dist/tex/latex/latexconfig/graphics.cfg
File: graphics.cfg 2010/04/23 v1.9 graphics configuration of TeX Live
)
Package graphics Info: Driver file: pdftex.def on input line 91.

(/usr/local/texlive/2010/texmf-dist/tex/latex/pdftex-def/pdftex.def
File: pdftex.def 2010/02/14 v0.04n Graphics/color for pdfTeX
\Gread@gobject=\count88
))
\Gin@req@height=\dimen105
\Gin@req@width=\dimen106
)
(/usr/local/texlive/2010/texmf-dist/tex/latex/psnfss/times.sty
Package: times 2005/04/12 PSNFSS-v9.2a (SPQR) 
)
(/usr/local/texlive/2010/texmf-dist/tex/latex/amsmath/amsmath.sty
Package: amsmath 2000/07/18 v2.13 AMS math features
\@mathmargin=\skip50

For additional information on amsmath, use the `?' option.
(/usr/local/texlive/2010/texmf-dist/tex/latex/amsmath/amstext.sty
Package: amstext 2000/06/29 v2.01

(/usr/local/texlive/2010/texmf-dist/tex/latex/amsmath/amsgen.sty
File: amsgen.sty 1999/11/30 v2.0
\@emptytoks=\toks15
\ex@=\dimen107
))
(/usr/local/texlive/2010/texmf-dist/tex/latex/amsmath/amsbsy.sty
Package: amsbsy 1999/11/29 v1.2d
\pmbraise@=\dimen108
)
(/usr/local/texlive/2010/texmf-dist/tex/latex/amsmath/amsopn.sty
Package: amsopn 1999/12/14 v2.01 operator names
)
\inf@bad=\count89
LaTeX Info: Redefining \frac on input line 211.
\uproot@=\count90
\leftroot@=\count91
LaTeX Info: Redefining \overline on input line 307.
\classnum@=\count92
\DOTSCASE@=\count93
LaTeX Info: Redefining \ldots on input line 379.
LaTeX Info: Redefining \dots on input line 382.
LaTeX Info: Redefining \cdots on input line 467.
\Mathstrutbox@=\box26
\strutbox@=\box27
\big@size=\dimen109
LaTeX Font Info:    Redeclaring font encoding OML on input line 567.
LaTeX Font Info:    Redeclaring font encoding OMS on input line 568.
\macc@depth=\count94
\c@MaxMatrixCols=\count95
\dotsspace@=\muskip10
\c@parentequation=\count96
\dspbrk@lvl=\count97
\tag@help=\toks16
\row@=\count98
\column@=\count99
\maxfields@=\count100
\andhelp@=\toks17
\eqnshift@=\dimen110
\alignsep@=\dimen111
\tagshift@=\dimen112
\tagwidth@=\dimen113
\totwidth@=\dimen114
\lineht@=\dimen115
\@envbody=\toks18
\multlinegap=\skip51
\multlinetaggap=\skip52
\mathdisplay@stack=\toks19
LaTeX Info: Redefining \[ on input line 2666.
LaTeX Info: Redefining \] on input line 2667.
)
(/usr/local/texlive/2010/texmf-dist/tex/latex/multirow/multirow.sty
\bigstrutjot=\dimen116
)
(/usr/local/texlive/2010/texmf-dist/tex/latex/url/url.sty
\Urlmuskip=\muskip11
Package: url 2006/04/12  ver 3.3  Verb mode for urls, etc.
)
(/usr/local/texlive/2010/texmf-dist/tex/latex/xcolor/xcolor.sty
Package: xcolor 2007/01/21 v2.11 LaTeX color extensions (UK)

(/usr/local/texlive/2010/texmf-dist/tex/latex/latexconfig/color.cfg
File: color.cfg 2007/01/18 v1.5 color configuration of teTeX/TeXLive
)
Package xcolor Info: Driver file: pdftex.def on input line 225.

(/usr/local/texlive/2010/texmf-dist/tex/latex/colortbl/colortbl.sty
Package: colortbl 2001/02/13 v0.1j Color table columns (DPC)

(/usr/local/texlive/2010/texmf-dist/tex/latex/tools/array.sty
Package: array 2008/09/09 v2.4c Tabular extension package (FMi)
\col@sep=\dimen117
\extrarowheight=\dimen118
\NC@list=\toks20
\extratabsurround=\skip53
\backup@length=\skip54
)
\everycr=\toks21
\minrowclearance=\skip55
)
\rownum=\count101
Package xcolor Info: Model `cmy' substituted by `cmy0' on input line 1337.
Package xcolor Info: Model `hsb' substituted by `rgb' on input line 1341.
Package xcolor Info: Model `RGB' extended on input line 1353.
Package xcolor Info: Model `HTML' substituted by `rgb' on input line 1355.
Package xcolor Info: Model `Hsb' substituted by `hsb' on input line 1356.
Package xcolor Info: Model `tHsb' substituted by `hsb' on input line 1357.
Package xcolor Info: Model `HSB' substituted by `hsb' on input line 1358.
Package xcolor Info: Model `Gray' substituted by `gray' on input line 1359.
Package xcolor Info: Model `wave' substituted by `hsb' on input line 1360.
)
(./comparison-review.aux)
\openout1 = `comparison-review.aux'.

LaTeX Font Info:    Checking defaults for OML/cmm/m/it on input line 145.
LaTeX Font Info:    ... okay on input line 145.
LaTeX Font Info:    Checking defaults for T1/cmr/m/n on input line 145.
LaTeX Font Info:    ... okay on input line 145.
LaTeX Font Info:    Checking defaults for OT1/cmr/m/n on input line 145.
LaTeX Font Info:    ... okay on input line 145.
LaTeX Font Info:    Checking defaults for OMS/cmsy/m/n on input line 145.
LaTeX Font Info:    ... okay on input line 145.
LaTeX Font Info:    Checking defaults for OMX/cmex/m/n on input line 145.
LaTeX Font Info:    ... okay on input line 145.
LaTeX Font Info:    Checking defaults for U/cmr/m/n on input line 145.
LaTeX Font Info:    ... okay on input line 145.
LaTeX Font Info:    Try loading font information for OT1+ptm on input line 145.


(/usr/local/texlive/2010/texmf-dist/tex/latex/psnfss/ot1ptm.fd
File: ot1ptm.fd 2001/06/04 font definitions for OT1/ptm.
)
(/usr/local/texlive/2010/texmf-dist/tex/context/base/supp-pdf.mkii
[Loading MPS to PDF converter (version 2006.09.02).]
\scratchcounter=\count102
\scratchdimen=\dimen119
\scratchbox=\box28
\nofMPsegments=\count103
\nofMParguments=\count104
\everyMPshowfont=\toks22
\MPscratchCnt=\count105
\MPscratchDim=\dimen120
\MPnumerator=\count106
\everyMPtoPDFconversion=\toks23
) (/usr/local/texlive/2010/texmf-dist/tex/generic/oberdiek/pdftexcmds.sty
Package: pdftexcmds 2010/04/01 v0.9 Utility functions of pdfTeX for LuaTeX (HO)


(/usr/local/texlive/2010/texmf-dist/tex/generic/oberdiek/infwarerr.sty
Package: infwarerr 2010/04/08 v1.3 Providing info/warning/message (HO)
)
(/usr/local/texlive/2010/texmf-dist/tex/generic/oberdiek/ifluatex.sty
Package: ifluatex 2010/03/01 v1.3 Provides the ifluatex switch (HO)
Package ifluatex Info: LuaTeX not detected.
)
(/usr/local/texlive/2010/texmf-dist/tex/generic/oberdiek/ltxcmds.sty
Package: ltxcmds 2010/04/26 v1.7 LaTeX kernel commands for general use (HO)
)
Package pdftexcmds Info: LuaTeX not detected.
Package pdftexcmds Info: \pdf@primitive is available.
Package pdftexcmds Info: \pdf@ifprimitive is available.
)
(/usr/local/texlive/2010/texmf-dist/tex/latex/oberdiek/epstopdf-base.sty
Package: epstopdf-base 2010/02/09 v2.5 Base part for package epstopdf

(/usr/local/texlive/2010/texmf-dist/tex/latex/oberdiek/grfext.sty
Package: grfext 2007/09/30 v1.0 Managing graphics extensions (HO)
)
(/usr/local/texlive/2010/texmf-dist/tex/latex/oberdiek/kvoptions.sty
Package: kvoptions 2010/02/22 v3.7 Keyval support for LaTeX options (HO)

(/usr/local/texlive/2010/texmf-dist/tex/generic/oberdiek/kvsetkeys.sty
Package: kvsetkeys 2010/03/01 v1.9 Key value parser (HO)

(/usr/local/texlive/2010/texmf-dist/tex/generic/oberdiek/etexcmds.sty
Package: etexcmds 2010/01/28 v1.3 Prefix for e-TeX command names (HO)
Package etexcmds Info: Could not find \expanded.
(etexcmds)             That can mean that you are not using pdfTeX 1.50 or
(etexcmds)             that some package has redefined \expanded.
(etexcmds)             In the latter case, load this package earlier.
)))
Package grfext Info: Graphics extension search list:
(grfext)             [.png,.pdf,.jpg,.mps,.jpeg,.jbig2,.jb2,.PNG,.PDF,.JPG,.JPE
G,.JBIG2,.JB2,.eps]
(grfext)             \AppendGraphicsExtensions on input line 436.

(/usr/local/texlive/2010/texmf-dist/tex/latex/latexconfig/epstopdf-sys.cfg
File: epstopdf-sys.cfg 2010/07/13 v1.3 Configuration of (r)epstopdf for TeX Liv
e
))
LaTeX Font Info:    Try loading font information for OT1+phv on input line 153.


(/usr/local/texlive/2010/texmf-dist/tex/latex/psnfss/ot1phv.fd
File: ot1phv.fd 2001/06/04 scalable font definitions for OT1/phv.
)
LaTeX Font Info:    Try loading font information for OT1+ztmcm on input line 15
3.

(/usr/local/texlive/2010/texmf-dist/tex/latex/psnfss/ot1ztmcm.fd
File: ot1ztmcm.fd 2000/01/03 Fontinst v1.801 font definitions for OT1/ztmcm.
)
LaTeX Font Info:    Try loading font information for OML+ztmcm on input line 15
3.

(/usr/local/texlive/2010/texmf-dist/tex/latex/psnfss/omlztmcm.fd
File: omlztmcm.fd 2000/01/03 Fontinst v1.801 font definitions for OML/ztmcm.
)
LaTeX Font Info:    Try loading font information for OMS+ztmcm on input line 15
3.

(/usr/local/texlive/2010/texmf-dist/tex/latex/psnfss/omsztmcm.fd
File: omsztmcm.fd 2000/01/03 Fontinst v1.801 font definitions for OMS/ztmcm.
)
LaTeX Font Info:    Try loading font information for OMX+ztmcm on input line 15
3.

(/usr/local/texlive/2010/texmf-dist/tex/latex/psnfss/omxztmcm.fd
File: omxztmcm.fd 2000/01/03 Fontinst v1.801 font definitions for OMX/ztmcm.
)
LaTeX Font Info:    Font shape `OT1/ptm/bx/n' in size <10> not available
(Font)              Font shape `OT1/ptm/b/n' tried instead on input line 153.
LaTeX Font Info:    Font shape `OT1/ptm/bx/n' in size <7.4> not available
(Font)              Font shape `OT1/ptm/b/n' tried instead on input line 153.
LaTeX Font Info:    Font shape `OT1/ptm/bx/n' in size <6> not available
(Font)              Font shape `OT1/ptm/b/n' tried instead on input line 153.

<images/polar.pdf, id=1, 495.56575pt x 181.92477pt>
File: images/polar.pdf Graphic file (type pdf)
 <use images/polar.pdf>
<images/eucline.pdf, id=2, 494.26163pt x 206.0511pt>
File: images/eucline.pdf Graphic file (type pdf)
 <use images/eucline.pdf>
Overfull \hbox (47.69846pt too wide) in paragraph at lines 153--153
 [] []  
 []

LaTeX Font Info:    Font shape `OT1/phv/bx/n' in size <8> not available
(Font)              Font shape `OT1/phv/b/n' tried instead on input line 153.
<diamondrule-eps-converted-to.pdf, id=3, 213.79875pt x 12.045pt>
File: diamondrule-eps-converted-to.pdf Graphic file (type pdf)

<use diamondrule-eps-converted-to.pdf>
LaTeX Font Info:    Font shape `OT1/phv/bx/n' in size <9> not available
(Font)              Font shape `OT1/phv/b/n' tried instead on input line 153.
LaTeX Font Info:    Font shape `OT1/phv/bx/sc' in size <9> not available
(Font)              Font shape `OT1/phv/b/sc' tried instead on input line 153.
LaTeX Font Info:    Font shape `OT1/ptm/bx/n' in size <8> not available
(Font)              Font shape `OT1/ptm/b/n' tried instead on input line 153.
LaTeX Font Info:    Font shape `OT1/ptm/bx/n' in size <5> not available
(Font)              Font shape `OT1/ptm/b/n' tried instead on input line 153.
LaTeX Font Info:    Try loading font information for OMS+ptm on input line 153.


(/usr/local/texlive/2010/texmf-dist/tex/latex/psnfss/omsptm.fd
File: omsptm.fd 
)
LaTeX Font Info:    Font shape `OMS/ptm/m/it' in size <8> not available
(Font)              Font shape `OMS/cmsy/m/n' tried instead on input line 153.
 (./intro.tex
LaTeX Font Info:    Font shape `OT1/ptm/bx/n' in size <9> not available
(Font)              Font shape `OT1/ptm/b/n' tried instead on input line 41.
LaTeX Font Info:    Font shape `OT1/ptm/bx/n' in size <7> not available
(Font)              Font shape `OT1/ptm/b/n' tried instead on input line 41.

<images/density_1_45_15_20_13.png, id=4, 539.01375pt x 539.01375pt>
File: images/density_1_45_15_20_13.png Graphic file (type png)

<use images/density_1_45_15_20_13.png> [1{/usr/local/texlive/2010/texmf-var/fon
ts/map/pdftex/updmap/pdftex.map}


 <./images/polar.pdf> <./images/eucline.pdf> <./diamondrule-eps-converted-to.pd
f>]
LaTeX Font Info:    Try loading font information for OT1+pcr on input line 144.


(/usr/local/texlive/2010/texmf-dist/tex/latex/psnfss/ot1pcr.fd
File: ot1pcr.fd 2001/06/04 font definitions for OT1/pcr.
)) (./setup.tex
[2 <./images/density_1_45_15_20_13.png>]
Underfull \hbox (badness 1728) in paragraph at lines 9--11
\OT1/ptm/m/n/9 Data for both stud-ies was col-lected us-ing Ama-zon's Me-chan-i
-
 []

<images/website.pdf, id=53, 850.17625pt x 648.4225pt>
File: images/website.pdf Graphic file (type pdf)
 <use images/website.pdf>) (./experiment.tex <images/Polar_NoLine.pdf, id=54, 2
89.08pt x 289.08pt>
File: images/Polar_NoLine.pdf Graphic file (type pdf)

<use images/Polar_NoLine.pdf>
<images/Polar_Line.pdf, id=55, 289.08pt x 289.08pt>
File: images/Polar_Line.pdf Graphic file (type pdf)

<use images/Polar_Line.pdf>
<images/legend.pdf, id=56, 87.3424pt x 190.98006pt>
File: images/legend.pdf Graphic file (type pdf)
 <use images/legend.pdf>
Overfull \vbox (92.90594pt too high) detected at line 26
 []

<images/euclid_noline.pdf, id=57, 289.08pt x 289.08pt>
File: images/euclid_noline.pdf Graphic file (type pdf)

<use images/euclid_noline.pdf>
<images/euclid_line.pdf, id=58, 289.08pt x 289.08pt>
File: images/euclid_line.pdf Graphic file (type pdf)

<use images/euclid_line.pdf>
Overfull \hbox (16.17226pt too wide) in paragraph at lines 23--31
[]  []
 []

[3 <./images/website.pdf> <./images/Polar_NoLine.pdf> <./images/Polar_Line.pdf>
 <./images/legend.pdf> <./images/euclid_noline.pdf> <./images/euclid_line.pdf>]
<images/euclid-offset.pdf, id=280, 622.325pt x 190.7125pt>
File: images/euclid-offset.pdf Graphic file (type pdf)

<use images/euclid-offset.pdf>
<images/polar-offset.pdf, id=281, 622.325pt x 190.7125pt>
File: images/polar-offset.pdf Graphic file (type pdf)

<use images/polar-offset.pdf>
<images/time-answer.pdf, id=282, 539.01375pt x 232.87pt>
File: images/time-answer.pdf Graphic file (type pdf)

<use images/time-answer.pdf>
<images/conf-answer.pdf, id=283, 539.01375pt x 232.87pt>
File: images/conf-answer.pdf Graphic file (type pdf)

<use images/conf-answer.pdf>
File: images/Polar_Line.pdf Graphic file (type pdf)
 <use images/Polar_Line.pdf>
<images/turk4-designs.pdf, id=284, 562.1pt x 346.29375pt>
File: images/turk4-designs.pdf Graphic file (type pdf)

<use images/turk4-designs.pdf>
Overfull \vbox (42.34465pt too high) detected at line 182
 []

File: images/Polar_Line.pdf Graphic file (type pdf)
<use images/Polar_Line.pdf>
File: images/Polar_NoLine.pdf Graphic file (type pdf)
 <use images/Polar_NoLine.pdf>
<images/Euclidian_Line.pdf, id=285, 413.545pt x 397.485pt>
File: images/Euclidian_Line.pdf Graphic file (type pdf)

<use images/Euclidian_Line.pdf>
<images/Euclidian_NoLine.pdf, id=286, 413.545pt x 397.485pt>
File: images/Euclidian_NoLine.pdf Graphic file (type pdf)

<use images/Euclidian_NoLine.pdf>
File: images/Polar_Line.pdf Graphic file (type pdf)
 <use images/Polar_Line.pdf>
File: images/Polar_NoLine.pdf Graphic file (type pdf)

<use images/Polar_NoLine.pdf>
File: images/Euclidian_Line.pdf Graphic file (type pdf)
 <use images/Euclidian_Line.pdf>
File: images/Euclidian_NoLine.pdf Graphic file (type pdf)

<use images/Euclidian_NoLine.pdf>
File: images/Polar_Line.pdf Graphic file (type pdf)
 <use images/Polar_Line.pdf>
Overfull \hbox (4.8817pt too wide) in paragraph at lines 181--199
[][]
 []

[4 <./images/euclid-offset.pdf> <./images/polar-offset.pdf> <./images/time-answ
er.pdf> <./images/conf-answer.pdf>]
<images/predict-power.pdf, id=325, 613.29124pt x 319.1925pt>
File: images/predict-power.pdf Graphic file (type pdf)

<use images/predict-power.pdf>
<images/power-exp2.pdf, id=326, 938.50626pt x 565.11125pt>
File: images/power-exp2.pdf Graphic file (type pdf)

<use images/power-exp2.pdf>) (./experiment-two.tex [5 <./images/turk4-designs.p
df> <./images/Euclidian_Line.pdf> <./images/Euclidian_NoLine.pdf> <./images/pre
dict-power.pdf>] <images/hist-conc.pdf, id=359, 321.2pt x 226.8475pt>
File: images/hist-conc.pdf Graphic file (type pdf)

<use images/hist-conc.pdf>
<images/boxplot-conc.pdf, id=360, 321.2pt x 226.8475pt>
File: images/boxplot-conc.pdf Graphic file (type pdf)

<use images/boxplot-conc.pdf>
<images/density-conc.pdf, id=361, 321.2pt x 226.8475pt>
File: images/density-conc.pdf Graphic file (type pdf)

<use images/density-conc.pdf>
<images/dotplot-conc.pdf, id=362, 321.2pt x 226.8475pt>
File: images/dotplot-conc.pdf Graphic file (type pdf)

<use images/dotplot-conc.pdf>
Underfull \hbox (badness 1442) in paragraph at lines 35--36
\OT1/ptm/m/n/9 but their smooth-ness and con-ti-nu-ity makes
 []


Overfull \hbox (0.85507pt too wide) in paragraph at lines 33--41
[][]
 []

[6 <./images/power-exp2.pdf> <./images/hist-conc.pdf> <./images/boxplot-conc.pd
f> <./images/density-conc.pdf> <./images/dotplot-conc.pdf>]
<images/conf-exp2.pdf, id=403, 388.45125pt x 283.0575pt>
File: images/conf-exp2.pdf Graphic file (type pdf)

<use images/conf-exp2.pdf>) (./conclusions.tex [7 <./images/conf-exp2.pdf>])
Underfull \hbox (badness 1009) in paragraph at lines 23--161
[]\OT1/ptm/m/n/9 Different vi-sual abil-i-ties of in-di-vid-u-als make up a sig
-nif-i-cant
 []

(./comparison-review.bbl
Underfull \hbox (badness 1360) in paragraph at lines 101--105
[]\OT1/ptm/m/n/9 NOAA Cli-matic Data Cen-ter.  Past weather.  $\OT1/pcr/m/n/9 h
ttp : / /
 []


Underfull \hbox (badness 10000) in paragraph at lines 130--134
\OT1/pcr/m/n/9 transtats . bts . gov / Fields . asp ? Table _ ID = 236$\OT1/ptm
/m/n/9 ,
 []

Missing character: There is no â in font ptmr7t!
Missing character: There is no € in font ptmr7t!
Missing character: There is no “ in font ptmr7t!
) [8] (./comparison-review.aux) ) 
Here is how much of TeX's memory you used:
 3523 strings out of 493747
 47881 string characters out of 3143546
 128268 words of memory out of 3000000
 6670 multiletter control sequences out of 15000+200000
 57801 words of font info for 115 fonts, out of 3000000 for 9000
 714 hyphenation exceptions out of 8191
 41i,15n,35p,1773b,326s stack positions out of 5000i,500n,10000p,200000b,50000s
{/usr/local/texlive/2010/texmf-dist/fonts/enc/
dvips/base/8r.enc}</usr/local/texlive/2010/texmf-dist/fonts/type1/public/amsfon
ts/cm/cmex10.pfb></usr/local/texlive/2010/texmf-dist/fonts/type1/public/amsfont
s/cm/cmmi10.pfb></usr/local/texlive/2010/texmf-dist/fonts/type1/public/amsfonts
/cm/cmr10.pfb></usr/local/texlive/2010/texmf-dist/fonts/type1/public/amsfonts/c
m/cmsy10.pfb></usr/local/texlive/2010/texmf-dist/fonts/type1/public/amsfonts/cm
/cmsy8.pfb></usr/local/texlive/2010/texmf-dist/fonts/type1/urw/courier/ucrr8a.p
fb></usr/local/texlive/2010/texmf-dist/fonts/type1/urw/helvetic/uhvb8a.pfb></us
r/local/texlive/2010/texmf-dist/fonts/type1/urw/helvetic/uhvr8a.pfb></usr/local
/texlive/2010/texmf-dist/fonts/type1/urw/symbol/usyr.pfb></usr/local/texlive/20
10/texmf-dist/fonts/type1/urw/symbol/usyr.pfb></usr/local/texlive/2010/texmf-di
st/fonts/type1/urw/times/utmb8a.pfb></usr/local/texlive/2010/texmf-dist/fonts/t
ype1/urw/times/utmr8a.pfb></usr/local/texlive/2010/texmf-dist/fonts/type1/urw/t
imes/utmri8a.pfb>
Output written on comparison-review.pdf (8 pages, 3104014 bytes).
PDF statistics:
 461 PDF objects out of 1000 (max. 8388607)
 350 compressed objects within 4 object streams
 0 named destinations out of 1000 (max. 500000)
 121 words of extra memory for PDF output out of 10000 (max. 10000000)

